{
  "numFailedTestSuites": 1,
  "numFailedTests": 0,
  "numPassedTestSuites": 0,
  "numPassedTests": 0,
  "numPendingTestSuites": 0,
  "numPendingTests": 0,
  "numRuntimeErrorTestSuites": 1,
  "numTodoTests": 0,
  "numTotalTestSuites": 1,
  "numTotalTests": 0,
  "openHandles": [],
  "snapshot": {
    "added": 0,
    "didUpdate": false,
    "failure": false,
    "filesAdded": 0,
    "filesRemoved": 0,
    "filesRemovedList": [],
    "filesUnmatched": 0,
    "filesUpdated": 0,
    "matched": 0,
    "total": 0,
    "unchecked": 0,
    "uncheckedKeysByFile": [],
    "unmatched": 0,
    "updated": 0
  },
  "startTime": 1788837562065,
  "success": false,
  "testResults": [
    {
      "assertionResults": [],
      "endTime": 1788837562344,
      "message": "  \u001b[1m● \u001b[22mTest suite failed to run\n\n    SyntaxError: /REPO/src/__tests__/tmpcrash/crash.test.ts: Unexpected token, expected \"from\" (2:12)\n\n    \u001b[0m \u001b[90m 1 |\u001b[39m \u001b[36mimport\u001b[39m readFieldValue \u001b[36mfrom\u001b[39m \u001b[32m'../../logic/getFieldValue'\u001b[39m\n    \u001b[31m\u001b[1m>\u001b[22m\u001b[39m\u001b[90m 2 |\u001b[39m \u001b[36mimport\u001b[39m type { \u001b[33mField\u001b[39m } \u001b[36mfrom\u001b[39m \u001b[32m'../../types'\u001b[39m\u001b[33m;\u001b[39m\n     \u001b[90m   |\u001b[39m             \u001b[31m\u001b[1m^\u001b[22m\u001b[39m\n     \u001b[90m 3 |\u001b[39m it(\u001b[32m'x'\u001b[39m\u001b[33m,\u001b[39m()\u001b[33m=>\u001b[39m{expect(\u001b[35m1\u001b[39m)\u001b[33m.\u001b[39mtoBe(\u001b[35m1\u001b[39m)})",
      "name": "/REPO/src/__tests__/tmpcrash/crash.test.ts",
      "startTime": 1788837562344,
      "status": "failed",
      "summary": ""
    }
  ],
  "wasInterrupted": false
}
